276850373479963594824241056862457700
275679854373784708068255579289603606
227945256373715303317454061385439528
556159519944413015699248007672551842
493550596882336624734804766549949090
126870159369071788531545555733625400
135180734912745523433055224128734870
48516059669332284266300197123980816
819925451794092768940080446350772956
128749301026502169848780919345531008
29481387655485495492743898760951290
39820081593846039528350154532980573
228807172011376170618367821799147455
355259513140419572238646778304539475
380736709953572570116484543690235575
466891288384804728031888471688364612
80067730109222585152844059383502267
235223446308313932055068525536819535
281036094441199798620279753836777735
33159785485410823784124798335678358
288752575765697654982620902336200478
246224095911868438675666419804346842
54892393926447709645098113178338595
632394566090528792168704599977836578
526714334545686072606404671898407655
632075466678932981218348275209846250
8949042954266801243759123401846744
43090546623162418342689310815310160
50941923385498258320300321542103678
1844043240995186467413452979700417
69090624076221101097324484925178745
238504044550242902767473530128624816
621161624130210542480547485611538492
307907174846721870568387082331920752
80946478289469216351553716671745280
439370664861462024959121711385828608
25558226251741489045211659687961986
236604950783172150718265375685499580
550044176344579680481638419497134421
317620419045128699132875849901158271
542681824494048076728505365169856154
261294252061154879325461345189832233
684997115394101614893082497502106211
10494937480332408635773220707335803
724629756542509196231904018681744969
78132721177019101140067533388356498
58267633494909460560317459708658126
501536493010616880821320711049245110
53073450093635897090932532815691206
511458531870350223775587608628578496
229410438165366436173950495652292500
57087052277062594081421254408651623
212657442660065517554094689692351232
92265364729459799377641476474636952
28343367894293326120501005692666928
67131789287772093445075086073695585
88019960919972682774053217801221453
25459445701572105856921253225949444
664040648893727731186929418078929792
48392322460846141099401004973946500
68459985077382970266981179545747275
584275794213526073117339594864771385
87082175582615704110922610049687728
586216364533298291450548184916837956
241592898159157194377158641050392968
378093450715916704541617038299185800
6516672631785222631208808007319720
59205788103229252614896566206796688
187290528416120279501413769785178660
215204507497773020654780006365951110
239086781479530931380050628948485380
8061036133826366627531992525829718
68936239484868629013710369394370095
8725822619674194809105470974267768
728223505037193617720886883345192324
292743370203864961536402494310935676
208483079332831233534766654534614852
564945601909290541769204394542574420
10355814380708646784285383333912168
77149337620511934576533432349652315
341023525210600885394339389598065900
686440210521319439142932322069315466
511014581076030551217849238196935035
213200641182648537048502724187852504
29936886045908149649432635967044964
9386698205929079832505442853830571
90022174528740097125633538252717480
98025893159341401593161911376578160
390442969936356426320121683372398702
52178996979427836299477152355635928
3172074348161767170430526477304760
32552222417462224171141500247133125
678471438308023656367515538510604133
609180065975014069058738403879787800
515573925061019814692853454850064942
675844902014786198341956148527252100
309373820291927894870375604943094625
51807442402324150298721989054439012
435869198887013329938805419679282042
405160957446731630703561365274416648
55030268814928919277194737313210380
59170224996127703270591439611601672
681952512175612822103288218229039861
848452988211231525460976281321369760
59973383052984132892427590313377560
307415624852396091942289028885973674
203721928103273532697177262279512530
333241939750481480003434666620360166
453688138594537993647265303290568470
64223099972162239632665634444510486
101315237046557205577019681878514430
250253425022472803368200942800749225
173239986211361029984085344156509585
486047890568509165199494739921817829
302498609513788297680076683457810752
65660176372639134466675780676190180
95214486629081098756794633672086208
123848115820525801334402798017625549
575488797136522181922803715495512352
179793229564121399686018570332206620
205775326895333809232725616064584106
41473979169446942664752108453965934
120000071661171196789488182618968150
744524009395596471297672131542205958
165562574133975363689479065256357317
40909125744196789777160427957773394
294642841745162727928104884481637926
107890795741966845334344914958980549
431155788968191371641438619817219890
263430428641209029517765288828850368
246871531792594848405327919866553475
644590826804236957366917288375840
190050511926924771947969636257899000
86326918674782045592041681396378967
139842982227972859437538870704210739
327337845677063463967171398016912920
274074320540788132286814292100060316
287425020235450140007342975721721622
24922049525827034915509792414559360
708105746146813398713569234874933394
642170033108091694549362708655228944
753783562718611828534948606965453600
251373911097761595821901659704040640
616009033130627770929056387186191536
769950428190052394958611696106798240
143065411515881124510754030265019183
457393204340699576337443003934525015
299783624370751173590319917132700907
354407603838539925831687849437127072
126957488070736363504300063263552810
154168962604555366536167901220096335
131176034831920140772535602615927350
42070874862539581734608947806970783
202599417341411832148860269736306490
128104091955809363621980119987273143
721399017400757836856238151214216763
233912235245349049092367738708912866
352648514822131862328017718915211488
791194552665714251536042673803665128
424274900139755467365070842253366656
64658169717400287554338805941416162
184244249948755548252028114092233340
23655450727640929188839382065594152
671810585767419294155373377185858965
396980989297447672152822940973392482
505382669092642528889286599219079657
37651950885129079099107412137204145
911773986405505846584493405422310
281786985647101305992124984027428190
389716878801121396295630689650213888
143847299089613706459187748968420548
97242538430448534981954056021807200
47064415321874390998933817376521952
141182932477388150387383714336586430
504305899026422368972220023627704681
39228580453204343771455798609585632
59195753339795483220857430100056346
428056747234528680531809561103956670
55964286942288405273305785734431418
85256179654247807051962995951862593
482047804191618130543332871606988920
120323357330626941568375827870656604
556177718574235330452947901691797024
95894971642416128311460060291355136
57629208865866398860494552990101670
163537303890039340368990252762779328
791298876586904972210766636849048
355275724627593094565800371148203744
240467629829119572759385678060440520
55239730217450125864903385313375263
521516146958141081162803212011246400
99357764762865969289997404437910338
148176673753037157757377520466989260
229909258641956058361515530799469776
325498516206089921471737625901934104
140383628509453123778774982345376142
163350661755324639507496921127856816
38784111591233097693683203757926473
171779832430560372821151682016426241
645032379451976563503482632935685152
204695530131138449439856786710441292
252627226147091666763169787779414509
76039147517709366330678414057176472
201433763033466370774066471697504292
285647818124216427091991560005429370
398390056221443462706057332965237698
36037405612236696018601686675890238
318065163343794319608388710597501370
227847297926602774306103397134449490
9817501818160151851183226480810862
19400213697305467772689261344761052
149811287117916993762394818592967820
150787951208490966345124469256408976
99490534848735038480390950442644272
273390186462459755024659910533006542
535428402269793822813084530321079000
53315844381694680404875169274668243
679945433668857436002506880169333728
294130887465750184531562285482576530
700563454748370895961395110527976427
1801180422523656578066030421819750
38388605170917347228286445587992078
704528130969251281137790966174560060
64874754278211774188929200847341120
22527151425465560633366071987535730
196130845091394526478861050009459926
376657169703976777315504192157558107
429667659862394368021695541584093270
286527952603172374158494527022570071
217111258630191164477171682357880944
31823114707713516910210745301725934
230569796998564762227291189922668660
16838706337316052717544132189602620
79806051206284066798583655422985978
7326807201167133882312973685566572
894578234297349578256384037427368524
62737604510589019026586529623277616
218648110718261579766211035467490700
296316522455438138872306100756122470
30059933522460658118328038188620527
73018678819410886787466855461889912
262097111829471416364289167692704158
286502954704268857153296652985693583
40140870423445197592274358856720968
489984836163614841629185257110661144
37632159748807382772097790253520056
431064731523631020893307284762518011
215547878871833583723039979268364300
584662667392876118392125248128121772
49856988329460586558349300959329546
347828423237736272613385328273203984
144753050903372122059107879978026445
343178341738308588215656799962527883
334589077148405891099637374796139006
555959524835007183402688968484027875
321896017161015225229058448612041376
434518745404431459936962257829682482
95407907289171452299437385492505480
41327793560692344163729049829599831
118160674669349248895167679481116334
268943016805857719367600748008076458
818079691738809362179690470075576050
83651509590444066053492734634443339
132287288880358265576584108815125870
248848136037575794281812393761084026
274195012089404531883083891831627364
224054802626046577091407270615592880
203259207521396437316747821505286047
299592318848963589907261287371177526
35521103566076590158414911538702040
605321007840551554410971178406932075
66134184542522571500431352485148005
213543674413222561641706975582798250
536056611410366411767793032562057524
180201106954869522830373228292524978
735280842919237162027899670614563200
452396837182105047232562845560186616
397911333323604936644646735616051556
335479015349980633922928970079328054
420591192221508713815607775576696744
174733537550352188815828077859977775
879320210721509020506311658547793024
525327338406824562812707963212483600
96556697668791910974340229022230976
235803290842077106261911761760725248
151644352276652155822325050006665168
96183944504334246216897296074537560
516858883735099793895780660739666254
208095931175917941728204256343822860
96661844836179676617837161740555375
26457865236318393108672893884195980
53426138152330612419592797049245896
510288241154500540164330964141718760
690034966245665214762720425310437088
112977801405475205315622280017361359
58697934667152262941303615659464520
93968413567037166722309007990376696
251560684625793960112863079001308
156022424635716139271693064896506618
306415588385914445615203046040448
