14 723
-1
301 842
56 618
812 855
-1
-1
-1
568 591
-1
-1
70 235
-1
283 638
871 965
427 857
589 630
174 838
21 483
277 507
18 394
-1
-1
-1
-1
170 474
88 225
72 773
655 937
-1
715 855
228 284
481 753
564 662
-1
502 628
786 829
418 625
-1
-1
135 402
-1
-1
812 995
44 460
20 589
-1
793 859
-1
557 693
633 711
796 875
-1
-1
256 817
202 672
39 269
-1
-1
83 460
-1
-1
-1
277 952
-1
-1
212 559
543 724
65 536
46 95
25 141
126 982
-1
-1
-1
-1
-1
-1
231 366
67 312
13 539
681 982
243 806
232 268
534 646
-1
-1
207 483
461 617
96 105
454 681
-1
135 425
-1
-1
-1
-1
-1
-1
-1
-1
343 493
70 536
179 939
-1
824 995
-1
197 312
-1
-1
-1
41 786
543 618
376 686
254 360
-1
261 539
291 916
-1
-1
1 99
-1
736 993
-1
-1
46 910
-1
105 541
388 906
-1
-1
-1
-1
316 959
-1
-1
508 736
-1
84 651
126 362
634 677
-1
313 668
114 648
244 268
-1
-1
497 979
968 991
-1
-1
-1
754 861
-1
-1
681 978
-1
-1
737 995
551 875
835 978
-1
-1
-1
-1
477 925
84 477
-1
-1
475 954
-1
-1
589 625
307 607
-1
100 576
-1
224 325
-1
406 647
-1
-1
467 700
14 483
200 857
91 932
251 728
281 536
-1
-1
547 914
655 683
-1
-1
-1
-1
-1
-1
-1
-1
648 809
604 879
-1
503 976
-1
-1
586 807
334 753
-1
532 766
-1
343 941
102 439
-1
-1
-1
343 394
779 834
471 528
-1
-1
670 793
-1
529 939
-1
-1
-1
-1
-1
799 875
219 269
-1
868 937
46 872
-1
-1
-1
-1
-1
724 941
-1
669 982
-1
672 717
164 312
-1
587 755
-1
-1
-1
-1
334 773
-1
747 834
170 651
-1
-1
-1
150 174
71 668
-1
-1
786 803
-1
-1
-1
490 668
197 590
670 780
-1
444 609
-1
-1
-1
-1
127 410
-1
-1
9 245
8 512
425 744
658 982
-1
-1
-1
-1
-1
-1
235 320
-1
241 733
224 664
498 926
-1
-1
-1
101 230
134 303
-1
-1
461 814
235 564
-1
-1
250 325
231 254
13 738
-1
-1
-1
622 723
-1
-1
-1
-1
441 452
-1
-1
202 474
190 493
-1
141 266
-1
-1
212 536
508 865
685 771
658 857
-1
157 510
224 987
-1
224 536
529 979
277 982
-1
360 991
793 894
-1
96 564
-1
822 913
-1
557 904
124 608
-1
338 877
460 470
167 672
484 862
-1
106 227
126 308
-1
-1
721 772
-1
308 394
619 623
261 532
222 834
248 564
-1
200 406
685 695
-1
-1
-1
711 829
483 512
303 952
-1
-1
-1
-1
244 564
-1
11 452
547 598
-1
-1
316 595
71 248
-1
435 843
318 391
-1
637 686
-1
818 866
-1
124 371
-1
-1
-1
675 834
46 568
-1
586 683
214 715
461 812
592 648
-1
552 683
-1
254 321
-1
706 843
-1
-1
552 766
243 284
-1
-1
-1
282 834
-1
498 564
120 786
551 888
84 914
587 863
-1
129 608
461 477
-1
-1
309 365
1 915
174 332
256 647
179 861
229 402
-1
802 937
-1
-1
-1
141 736
652 819
425 856
87 406
-1
-1
-1
-1
174 724
259 292
251 717
-1
249 453
-1
21 812
-1
483 991
-1
600 939
-1
339 939
56 925
-1
256 389
-1
-1
192 482
-1
-1
-1
-1
320 405
560 647
-1
112 303
-1
475 602
-1
-1
471 669
-1
809 831
97 913
-1
71 140
-1
153 513
248 843
-1
97 445
-1
818 928
-1
-1
124 563
529 784
390 565
170 909
-1
203 279
-1
248 325
72 380
-1
461 530
345 753
202 599
416 847
376 623
-1
-1
-1
-1
-1
-1
594 872
-1
96 248
729 913
-1
224 925
-1
-1
-1
-1
915 959
167 906
793 950
158 731
406 722
-1
-1
-1
151 716
736 879
97 254
-1
93 414
-1
-1
46 764
-1
-1
633 944
-1
483 904
534 780
65 589
-1
-1
-1
-1
-1
-1
-1
406 939
-1
405 978
655 754
508 683
-1
-1
137 987
-1
166 715
-1
-1
-1
388 647
-1
224 993
-1
741 976
-1
652 817
11 913
-1
283 806
-1
-1
71 510
-1
190 771
291 733
441 914
-1
-1
475 731
170 780
-1
-1
-1
259 772
-1
275 687
166 581
862 909
-1
-1
576 736
508 851
-1
-1
124 453
202 595
461 638
21 812
-1
-1
77 764
502 859
-1
-1
-1
215 531
-1
-1
-1
482 493
174 812
-1
-1
283 623
186 991
-1
-1
-1
-1
-1
-1
-1
-1
310 979
-1
-1
93 318
-1
-1
466 806
-1
231 559
-1
124 416
685 904
-1
-1
71 528
456 595
508 801
133 395
-1
-1
-1
318 801
383 647
435 738
529 643
-1
-1
224 395
-1
281 371
-1
833 979
623 696
-1
157 585
658 715
-1
114 928
-1
-1
-1
-1
174 728
-1
120 512
-1
-1
168 495
570 599
672 696
-1
-1
810 944
202 780
-1
597 606
309 991
-1
320 913
46 817
449 996
-1
441 687
-1
-1
389 981
-1
-1
13 54
97 842
-1
-1
564 784
-1
-1
-1
-1
-1
37 325
157 873
-1
-1
283 625
-1
44 424
-1
570 716
597 959
-1
-1
13 483
-1
-1
688 728
618 753
-1
413 528
737 888
-1
-1
-1
-1
-1
-1
100 576
212 862
-1
-1
-1
-1
328 351
-1
-1
93 834
-1
-1
172 345
-1
618 772
-1
-1
856 952
-1
-1
-1
-1
343 489
-1
-1
325 944
461 879
449 595
-1
-1
114 526
56 630
-1
-1
511 857
-1
-1
124 293
-1
475 570
-1
416 813
663 913
141 400
192 332
250 318
70 709
-1
65 328
-1
-1
-1
-1
360 471
-1
-1
-1
391 693
231 493
348 862
323 718
93 596
63 716
557 728
-1
351 561
320 332
303 981
-1
808 856
-1
307 398
406 631
-1
-1
427 526
-1
139 711
-1
814 978
179 389
-1
-1
171 879
7 595
97 786
288 995
-1
543 602
-1
153 813
345 939
-1
641 773
277 482
8 909
-1
618 888
-1
-1
-1
-1
-1
461 649
244 509
156 371
-1
-1
368 686
22 584
518 736
-1
200 774
-1
-1
-1
-1
618 790
191 509
-1
-1
219 263
203 231
618 728
-1
-1
757 838
97 320
-1
-1
158 248
441 735
256 668
200 589
-1
406 913
135 838
8 104
-1
618 728
-1
396 422
452 872
-1
-1
157 228
-1
-1
-1
232 397
-1
-1
-1
-1
-1
-1
-1
301 976
-1
-1
413 415
-1
460 591
-1
88 167
452 512
259 630
151 156
87 606
-1
203 952
-1
500 991
100 287
604 941
172 564
151 532
-1
-1
-1
-1
731 956
684 857
-1
-1
65 235
350 855
207 753
-1
-1
763 906
18 631
-1
793 916
360 380
-1
-1
-1
-1
207 801
-1
146 643
576 681
-1
325 932
560 591
-1
587 587
-1
-1
141 380
503 663
261 449
-1
-1
107 814
200 425
224 888
-1
-1
532 866
-1
-1
-1
-1
-1
283 711
727 764
124 291
-1
351 482
592 959
868 937
-1
729 928
-1
-1
-1
-1
-1
309 424
-1
-1
808 834
-1
11 205
-1
613 786
518 812
-1
-1
-1
811 831
163 445
-1
452 786
325 925
-1
150 371
-1
77 995
325 937
222 724
-1
348 932
751 831
-1
990 1000
0 1000
0 6
